生成启动时间为 2020/1/4 17:15:55。
     1>项目“E:\GitHub\VisualProject\DesignPatterns\DesignPatterns\DesignPatterns.vcxproj”在节点 2 上(Build 个目标)。
     1>ClCompile:
         D:\Microsoft Visual Studio 12.0\VC\bin\CL.exe /c /ZI /nologo /W3 /WX- /sdl /Od /Oy- /D WIN32 /D _DEBUG /D _CONSOLE /D _LIB /D _UNICODE /D UNICODE /Gm /EHsc /RTC1 /MDd /GS /fp:precise /Zc:wchar_t /Zc:forScope /Fo"Debug\\" /Fd"Debug\vc120.pdb" /Gd /TP /analyze- /errorReport:prompt main_singleton.cpp
         main_singleton.cpp
       Link:
         D:\Microsoft Visual Studio 12.0\VC\bin\link.exe /ERRORREPORT:PROMPT /OUT:"E:\GitHub\VisualProject\DesignPatterns\Debug\DesignPatterns.exe" /INCREMENTAL /NOLOGO kernel32.lib user32.lib gdi32.lib winspool.lib comdlg32.lib advapi32.lib shell32.lib ole32.lib oleaut32.lib uuid.lib odbc32.lib odbccp32.lib /MANIFEST /MANIFESTUAC:"level='asInvoker' uiAccess='false'" /manifest:embed /DEBUG /PDB:"E:\GitHub\VisualProject\DesignPatterns\Debug\DesignPatterns.pdb" /SUBSYSTEM:CONSOLE /TLBID:1 /DYNAMICBASE /NXCOMPAT /IMPLIB:"E:\GitHub\VisualProject\DesignPatterns\Debug\DesignPatterns.lib" /MACHINE:X86 Debug\Beverage.obj
         Debug\CondimentDecorator.obj
         Debug\CurrentConditionsDisplay.obj
         Debug\DarkRoast.obj
         Debug\main_decorator.obj
         Debug\DisplayElement.obj
         Debug\Duck.obj
         Debug\Espresso.obj
         Debug\FlyBehavior.obj
         Debug\FlyNoWay.obj
         Debug\FlyWithRocket.obj
         Debug\FlyWithWings.obj
         Debug\ForecastDisplay.obj
         Debug\HouseBlend.obj
         Debug\main_singleton.obj
         Debug\Milk.obj
         Debug\Mocha.obj
         Debug\Observer.obj
         Debug\main_observer.obj
         Debug\Soy.obj
         Debug\StatisticsDisplay.obj
         Debug\main_strategy.obj
         Debug\MallardDuck.obj
         Debug\MuteQuack.obj
         Debug\Quack.obj
         Debug\QuackBehavior.obj
         Debug\RedheadDuck.obj
         Debug\RubberDuck.obj
         Debug\Squeak.obj
         Debug\Subject.obj
         Debug\WeatherData.obj
         Debug\Whip.obj
         DesignPatterns.vcxproj -> E:\GitHub\VisualProject\DesignPatterns\Debug\DesignPatterns.exe
     1>已完成生成项目“E:\GitHub\VisualProject\DesignPatterns\DesignPatterns\DesignPatterns.vcxproj”(Build 个目标)的操作。

生成成功。

已用时间 00:00:05.27
