e:\github\visualproject\designpatterns\designpatterns\debug\vc120.pdb
e:\github\visualproject\designpatterns\designpatterns\debug\vc120.idb
e:\github\visualproject\designpatterns\designpatterns\debug\displayelement.obj
e:\github\visualproject\designpatterns\designpatterns\debug\duck.obj
e:\github\visualproject\designpatterns\designpatterns\debug\flybehavior.obj
e:\github\visualproject\designpatterns\designpatterns\debug\flynoway.obj
e:\github\visualproject\designpatterns\designpatterns\debug\flywithrocket.obj
e:\github\visualproject\designpatterns\designpatterns\debug\flywithwings.obj
e:\github\visualproject\designpatterns\designpatterns\debug\forecastdisplay.obj
e:\github\visualproject\designpatterns\designpatterns\debug\observer.obj
e:\github\visualproject\designpatterns\designpatterns\debug\strategy_main.obj
e:\github\visualproject\designpatterns\designpatterns\debug\mallardduck.obj
e:\github\visualproject\designpatterns\designpatterns\debug\mutequack.obj
e:\github\visualproject\designpatterns\designpatterns\debug\quack.obj
e:\github\visualproject\designpatterns\designpatterns\debug\quackbehavior.obj
e:\github\visualproject\designpatterns\designpatterns\debug\redheadduck.obj
e:\github\visualproject\designpatterns\designpatterns\debug\rubberduck.obj
e:\github\visualproject\designpatterns\designpatterns\debug\squeak.obj
e:\github\visualproject\designpatterns\designpatterns\debug\subject.obj
e:\github\visualproject\designpatterns\designpatterns\debug\weatherdata.obj
e:\github\visualproject\designpatterns\designpatterns\debug\currentconditionsdisplay.obj
e:\github\visualproject\designpatterns\designpatterns\debug\statisticsdisplay.obj
e:\github\visualproject\designpatterns\designpatterns\debug\observer_main.obj
e:\github\visualproject\designpatterns\debug\designpatterns.ilk
e:\github\visualproject\designpatterns\debug\designpatterns.exe
e:\github\visualproject\designpatterns\debug\designpatterns.pdb
e:\github\visualproject\designpatterns\designpatterns\debug\designpatterns.tlog\cl.command.1.tlog
e:\github\visualproject\designpatterns\designpatterns\debug\designpatterns.tlog\cl.read.1.tlog
e:\github\visualproject\designpatterns\designpatterns\debug\designpatterns.tlog\cl.write.1.tlog
e:\github\visualproject\designpatterns\designpatterns\debug\designpatterns.tlog\link.command.1.tlog
e:\github\visualproject\designpatterns\designpatterns\debug\designpatterns.tlog\link.read.1.tlog
e:\github\visualproject\designpatterns\designpatterns\debug\designpatterns.tlog\link.write.1.tlog
